<!DOCTYPE html>
<html>
<head>
<meta http-equiv="Content-Type" content="text/html; charset=utf-8"/>
<meta http-equiv="x-ua-compatible" content="IE=edge"/>
<title>Test results - FreeServiceTests</title>
<link href="../css/base-style.css" rel="stylesheet" type="text/css"/>
<link href="../css/style.css" rel="stylesheet" type="text/css"/>
<script src="../js/report.js" type="text/javascript"></script>
</head>
<body>
<div id="content">
<h1>FreeServiceTests</h1>
<div class="breadcrumbs">
<a href="../index.html">all</a> &gt; 
<a href="../packages/hackathon.d2hd.getGoingApp.freeServiceTests.html">hackathon.d2hd.getGoingApp.freeServiceTests</a> &gt; FreeServiceTests</div>
<div id="summary">
<table>
<tr>
<td>
<div class="summaryGroup">
<table>
<tr>
<td>
<div class="infoBox" id="tests">
<div class="counter">1</div>
<p>tests</p>
</div>
</td>
<td>
<div class="infoBox" id="failures">
<div class="counter">0</div>
<p>failures</p>
</div>
</td>
<td>
<div class="infoBox" id="ignored">
<div class="counter">0</div>
<p>ignored</p>
</div>
</td>
<td>
<div class="infoBox" id="duration">
<div class="counter">32.705s</div>
<p>duration</p>
</div>
</td>
</tr>
</table>
</div>
</td>
<td>
<div class="infoBox success" id="successRate">
<div class="percent">100%</div>
<p>successful</p>
</div>
</td>
</tr>
</table>
</div>
<div id="tabs">
<ul class="tabLinks">
<li>
<a href="#tab0">Tests</a>
</li>
<li>
<a href="#tab1">Standard output</a>
</li>
</ul>
<div id="tab0" class="tab">
<h2>Tests</h2>
<table>
<thead>
<tr>
<th>Test</th>
<th>Duration</th>
<th>Result</th>
</tr>
</thead>
<tr>
<td class="success">testTweetDtoListToPremiumHashtag()</td>
<td class="success">32.705s</td>
<td class="success">passed</td>
</tr>
</table>
</div>
<div id="tab1" class="tab">
<h2>Standard output</h2>
<span class="code">
<pre>17:21:14.814 [Test worker] DEBUG org.springframework.test.context.BootstrapUtils - Instantiating CacheAwareContextLoaderDelegate from class [org.springframework.test.context.cache.DefaultCacheAwareContextLoaderDelegate]
17:21:14.825 [Test worker] DEBUG org.springframework.test.context.BootstrapUtils - Instantiating BootstrapContext using constructor [public org.springframework.test.context.support.DefaultBootstrapContext(java.lang.Class,org.springframework.test.context.CacheAwareContextLoaderDelegate)]
17:21:14.857 [Test worker] DEBUG org.springframework.test.context.BootstrapUtils - Instantiating TestContextBootstrapper for test class [hackathon.d2hd.getGoingApp.freeServiceTests.FreeServiceTests] from class [org.springframework.boot.test.context.SpringBootTestContextBootstrapper]
17:21:14.867 [Test worker] INFO org.springframework.boot.test.context.SpringBootTestContextBootstrapper - Neither @ContextConfiguration nor @ContextHierarchy found for test class [hackathon.d2hd.getGoingApp.freeServiceTests.FreeServiceTests], using SpringBootContextLoader
17:21:14.870 [Test worker] DEBUG org.springframework.test.context.support.AbstractContextLoader - Did not detect default resource location for test class [hackathon.d2hd.getGoingApp.freeServiceTests.FreeServiceTests]: class path resource [hackathon/d2hd/getGoingApp/freeServiceTests/FreeServiceTests-context.xml] does not exist
17:21:14.871 [Test worker] DEBUG org.springframework.test.context.support.AbstractContextLoader - Did not detect default resource location for test class [hackathon.d2hd.getGoingApp.freeServiceTests.FreeServiceTests]: class path resource [hackathon/d2hd/getGoingApp/freeServiceTests/FreeServiceTestsContext.groovy] does not exist
17:21:14.871 [Test worker] INFO org.springframework.test.context.support.AbstractContextLoader - Could not detect default resource locations for test class [hackathon.d2hd.getGoingApp.freeServiceTests.FreeServiceTests]: no resource found for suffixes {-context.xml, Context.groovy}.
17:21:14.872 [Test worker] INFO org.springframework.test.context.support.AnnotationConfigContextLoaderUtils - Could not detect default configuration classes for test class [hackathon.d2hd.getGoingApp.freeServiceTests.FreeServiceTests]: FreeServiceTests does not declare any static, non-private, non-final, nested classes annotated with @Configuration.
17:21:14.915 [Test worker] DEBUG org.springframework.test.context.support.ActiveProfilesUtils - Could not find an 'annotation declaring class' for annotation type [org.springframework.test.context.ActiveProfiles] and class [hackathon.d2hd.getGoingApp.freeServiceTests.FreeServiceTests]
17:21:14.971 [Test worker] DEBUG org.springframework.context.annotation.ClassPathScanningCandidateComponentProvider - Identified candidate component class: file [/Users/seanmarinas/appetizer/getGoingApp/build/classes/java/main/hackathon/d2hd/getGoingApp/GetGoingApplication.class]
17:21:14.972 [Test worker] INFO org.springframework.boot.test.context.SpringBootTestContextBootstrapper - Found @SpringBootConfiguration hackathon.d2hd.getGoingApp.GetGoingApplication for test class hackathon.d2hd.getGoingApp.freeServiceTests.FreeServiceTests
17:21:15.063 [Test worker] DEBUG org.springframework.boot.test.context.SpringBootTestContextBootstrapper - @TestExecutionListeners is not present for class [hackathon.d2hd.getGoingApp.freeServiceTests.FreeServiceTests]: using defaults.
17:21:15.063 [Test worker] INFO org.springframework.boot.test.context.SpringBootTestContextBootstrapper - Loaded default TestExecutionListener class names from location [META-INF/spring.factories]: [org.springframework.boot.test.autoconfigure.restdocs.RestDocsTestExecutionListener, org.springframework.boot.test.autoconfigure.web.client.MockRestServiceServerResetTestExecutionListener, org.springframework.boot.test.autoconfigure.web.servlet.MockMvcPrintOnlyOnFailureTestExecutionListener, org.springframework.boot.test.autoconfigure.web.servlet.WebDriverTestExecutionListener, org.springframework.boot.test.autoconfigure.webservices.client.MockWebServiceServerTestExecutionListener, org.springframework.boot.test.mock.mockito.MockitoTestExecutionListener, org.springframework.boot.test.mock.mockito.ResetMocksTestExecutionListener, org.springframework.test.context.web.ServletTestExecutionListener, org.springframework.test.context.support.DirtiesContextBeforeModesTestExecutionListener, org.springframework.test.context.event.ApplicationEventsTestExecutionListener, org.springframework.test.context.support.DependencyInjectionTestExecutionListener, org.springframework.test.context.support.DirtiesContextTestExecutionListener, org.springframework.test.context.transaction.TransactionalTestExecutionListener, org.springframework.test.context.jdbc.SqlScriptsTestExecutionListener, org.springframework.test.context.event.EventPublishingTestExecutionListener]
17:21:15.075 [Test worker] INFO org.springframework.boot.test.context.SpringBootTestContextBootstrapper - Using TestExecutionListeners: [org.springframework.test.context.web.ServletTestExecutionListener@78fb9a67, org.springframework.test.context.support.DirtiesContextBeforeModesTestExecutionListener@73ff4fae, org.springframework.test.context.event.ApplicationEventsTestExecutionListener@21aa6d6c, org.springframework.boot.test.mock.mockito.MockitoTestExecutionListener@b968a76, org.springframework.boot.test.autoconfigure.SpringBootDependencyInjectionTestExecutionListener@2f9a01c1, org.springframework.test.context.support.DirtiesContextTestExecutionListener@2611b9a3, org.springframework.test.context.transaction.TransactionalTestExecutionListener@54227100, org.springframework.test.context.jdbc.SqlScriptsTestExecutionListener@6b5894c8, org.springframework.test.context.event.EventPublishingTestExecutionListener@1433046b, org.springframework.boot.test.autoconfigure.restdocs.RestDocsTestExecutionListener@3f446bef, org.springframework.boot.test.autoconfigure.web.client.MockRestServiceServerResetTestExecutionListener@7829b776, org.springframework.boot.test.autoconfigure.web.servlet.MockMvcPrintOnlyOnFailureTestExecutionListener@5778826f, org.springframework.boot.test.autoconfigure.web.servlet.WebDriverTestExecutionListener@5b64c4b7, org.springframework.boot.test.autoconfigure.webservices.client.MockWebServiceServerTestExecutionListener@4763c727, org.springframework.boot.test.mock.mockito.ResetMocksTestExecutionListener@72445aba]
17:21:15.077 [Test worker] DEBUG org.springframework.test.context.support.AbstractDirtiesContextTestExecutionListener - Before test class: context [DefaultTestContext@6d24ffa1 testClass = FreeServiceTests, testInstance = [null], testMethod = [null], testException = [null], mergedContextConfiguration = [WebMergedContextConfiguration@65a4798f testClass = FreeServiceTests, locations = '{}', classes = '{class hackathon.d2hd.getGoingApp.GetGoingApplication}', contextInitializerClasses = '[]', activeProfiles = '{}', propertySourceLocations = '{}', propertySourceProperties = '{org.springframework.boot.test.context.SpringBootTestContextBootstrapper=true}', contextCustomizers = set[org.springframework.boot.test.autoconfigure.actuate.metrics.MetricsExportContextCustomizerFactory$DisableMetricExportContextCustomizer@3b7d3a38, org.springframework.boot.test.autoconfigure.properties.PropertyMappingContextCustomizer@0, org.springframework.boot.test.autoconfigure.web.servlet.WebDriverContextCustomizerFactory$Customizer@61544ae6, org.springframework.boot.test.context.filter.ExcludeFilterContextCustomizer@5ba88be8, org.springframework.boot.test.json.DuplicateJsonObjectContextCustomizerFactory$DuplicateJsonObjectContextCustomizer@4b23c30a, org.springframework.boot.test.mock.mockito.MockitoContextCustomizer@0, org.springframework.boot.test.web.client.TestRestTemplateContextCustomizer@63fbfaeb, org.springframework.boot.test.web.reactive.server.WebTestClientContextCustomizer@7f0d96f2, org.springframework.boot.test.context.SpringBootTestArgs@1, org.springframework.boot.test.context.SpringBootTestWebEnvironment@757acd7b], resourceBasePath = 'src/main/webapp', contextLoader = 'org.springframework.boot.test.context.SpringBootContextLoader', parent = [null]], attributes = map['org.springframework.test.context.web.ServletTestExecutionListener.activateListener' -&gt; true]], class annotated with @DirtiesContext [false] with mode [null].

  .   ____          _            __ _ _
 /\\ / ___'_ __ _ _(_)_ __  __ _ \ \ \ \
( ( )\___ | '_ | '_| | '_ \/ _` | \ \ \ \
 \\/  ___)| |_)| | | | | || (_| |  ) ) ) )
  '  |____| .__|_| |_|_| |_\__, | / / / /
 =========|_|==============|___/=/_/_/_/
 :: Spring Boot ::                (v2.7.5)

2022-11-20 17:21:15.556  INFO 90415 --- [    Test worker] h.d.g.freeServiceTests.FreeServiceTests  : Starting FreeServiceTests using Java 17.0.1 on Seans-MacBook-Pro-2.local with PID 90415 (started by seanmarinas in /Users/seanmarinas/appetizer/getGoingApp)
2022-11-20 17:21:15.558  INFO 90415 --- [    Test worker] h.d.g.freeServiceTests.FreeServiceTests  : No active profile set, falling back to 1 default profile: &quot;default&quot;
2022-11-20 17:21:16.222  INFO 90415 --- [    Test worker] .s.d.r.c.RepositoryConfigurationDelegate : Bootstrapping Spring Data JPA repositories in DEFAULT mode.
2022-11-20 17:21:16.369  INFO 90415 --- [    Test worker] .s.d.r.c.RepositoryConfigurationDelegate : Finished Spring Data repository scanning in 131 ms. Found 2 JPA repository interfaces.
2022-11-20 17:21:16.884  INFO 90415 --- [    Test worker] o.hibernate.jpa.internal.util.LogHelper  : HHH000204: Processing PersistenceUnitInfo [name: default]
2022-11-20 17:21:16.940  INFO 90415 --- [    Test worker] org.hibernate.Version                    : HHH000412: Hibernate ORM core version 5.6.12.Final
2022-11-20 17:21:17.089  INFO 90415 --- [    Test worker] o.hibernate.annotations.common.Version   : HCANN000001: Hibernate Commons Annotations {5.1.2.Final}
2022-11-20 17:21:17.206  INFO 90415 --- [    Test worker] com.zaxxer.hikari.HikariDataSource       : HikariPool-1 - Starting...
2022-11-20 17:21:19.750 ERROR 90415 --- [    Test worker] com.zaxxer.hikari.pool.HikariPool        : HikariPool-1 - Exception during pool initialization.

org.postgresql.util.PSQLException: FATAL: too many connections for role &quot;txodppsijznhit&quot;
	at org.postgresql.core.v3.QueryExecutorImpl.receiveErrorResponse(QueryExecutorImpl.java:2676) ~[postgresql-42.5.0.jar:42.5.0]
	at org.postgresql.core.v3.QueryExecutorImpl.readStartupMessages(QueryExecutorImpl.java:2788) ~[postgresql-42.5.0.jar:42.5.0]
	at org.postgresql.core.v3.QueryExecutorImpl.&lt;init&gt;(QueryExecutorImpl.java:174) ~[postgresql-42.5.0.jar:42.5.0]
	at org.postgresql.core.v3.ConnectionFactoryImpl.openConnectionImpl(ConnectionFactoryImpl.java:290) ~[postgresql-42.5.0.jar:42.5.0]
	at org.postgresql.core.ConnectionFactory.openConnection(ConnectionFactory.java:49) ~[postgresql-42.5.0.jar:42.5.0]
	at org.postgresql.jdbc.PgConnection.&lt;init&gt;(PgConnection.java:247) ~[postgresql-42.5.0.jar:42.5.0]
	at org.postgresql.Driver.makeConnection(Driver.java:434) ~[postgresql-42.5.0.jar:42.5.0]
	at org.postgresql.Driver.connect(Driver.java:291) ~[postgresql-42.5.0.jar:42.5.0]
	at com.zaxxer.hikari.util.DriverDataSource.getConnection(DriverDataSource.java:138) ~[HikariCP-4.0.3.jar:na]
	at com.zaxxer.hikari.pool.PoolBase.newConnection(PoolBase.java:364) ~[HikariCP-4.0.3.jar:na]
	at com.zaxxer.hikari.pool.PoolBase.newPoolEntry(PoolBase.java:206) ~[HikariCP-4.0.3.jar:na]
	at com.zaxxer.hikari.pool.HikariPool.createPoolEntry(HikariPool.java:476) ~[HikariCP-4.0.3.jar:na]
	at com.zaxxer.hikari.pool.HikariPool.checkFailFast(HikariPool.java:561) ~[HikariCP-4.0.3.jar:na]
	at com.zaxxer.hikari.pool.HikariPool.&lt;init&gt;(HikariPool.java:115) ~[HikariCP-4.0.3.jar:na]
	at com.zaxxer.hikari.HikariDataSource.getConnection(HikariDataSource.java:112) ~[HikariCP-4.0.3.jar:na]
	at org.hibernate.engine.jdbc.connections.internal.DatasourceConnectionProviderImpl.getConnection(DatasourceConnectionProviderImpl.java:122) ~[hibernate-core-5.6.12.Final.jar:5.6.12.Final]
	at org.hibernate.engine.jdbc.env.internal.JdbcEnvironmentInitiator$ConnectionProviderJdbcConnectionAccess.obtainConnection(JdbcEnvironmentInitiator.java:181) ~[hibernate-core-5.6.12.Final.jar:5.6.12.Final]
	at org.hibernate.engine.jdbc.env.internal.JdbcEnvironmentInitiator.initiateService(JdbcEnvironmentInitiator.java:68) ~[hibernate-core-5.6.12.Final.jar:5.6.12.Final]
	at org.hibernate.engine.jdbc.env.internal.JdbcEnvironmentInitiator.initiateService(JdbcEnvironmentInitiator.java:35) ~[hibernate-core-5.6.12.Final.jar:5.6.12.Final]
	at org.hibernate.boot.registry.internal.StandardServiceRegistryImpl.initiateService(StandardServiceRegistryImpl.java:101) ~[hibernate-core-5.6.12.Final.jar:5.6.12.Final]
	at org.hibernate.service.internal.AbstractServiceRegistryImpl.createService(AbstractServiceRegistryImpl.java:263) ~[hibernate-core-5.6.12.Final.jar:5.6.12.Final]
	at org.hibernate.service.internal.AbstractServiceRegistryImpl.initializeService(AbstractServiceRegistryImpl.java:237) ~[hibernate-core-5.6.12.Final.jar:5.6.12.Final]
	at org.hibernate.service.internal.AbstractServiceRegistryImpl.getService(AbstractServiceRegistryImpl.java:214) ~[hibernate-core-5.6.12.Final.jar:5.6.12.Final]
	at org.hibernate.id.factory.internal.DefaultIdentifierGeneratorFactory.injectServices(DefaultIdentifierGeneratorFactory.java:175) ~[hibernate-core-5.6.12.Final.jar:5.6.12.Final]
	at org.hibernate.service.internal.AbstractServiceRegistryImpl.injectDependencies(AbstractServiceRegistryImpl.java:286) ~[hibernate-core-5.6.12.Final.jar:5.6.12.Final]
	at org.hibernate.service.internal.AbstractServiceRegistryImpl.initializeService(AbstractServiceRegistryImpl.java:243) ~[hibernate-core-5.6.12.Final.jar:5.6.12.Final]
	at org.hibernate.service.internal.AbstractServiceRegistryImpl.getService(AbstractServiceRegistryImpl.java:214) ~[hibernate-core-5.6.12.Final.jar:5.6.12.Final]
	at org.hibernate.boot.internal.InFlightMetadataCollectorImpl.&lt;init&gt;(InFlightMetadataCollectorImpl.java:173) ~[hibernate-core-5.6.12.Final.jar:5.6.12.Final]
	at org.hibernate.boot.model.process.spi.MetadataBuildingProcess.complete(MetadataBuildingProcess.java:127) ~[hibernate-core-5.6.12.Final.jar:5.6.12.Final]
	at org.hibernate.jpa.boot.internal.EntityManagerFactoryBuilderImpl.metadata(EntityManagerFactoryBuilderImpl.java:1460) ~[hibernate-core-5.6.12.Final.jar:5.6.12.Final]
	at org.hibernate.jpa.boot.internal.EntityManagerFactoryBuilderImpl.build(EntityManagerFactoryBuilderImpl.java:1494) ~[hibernate-core-5.6.12.Final.jar:5.6.12.Final]
	at org.springframework.orm.jpa.vendor.SpringHibernateJpaPersistenceProvider.createContainerEntityManagerFactory(SpringHibernateJpaPersistenceProvider.java:58) ~[spring-orm-5.3.23.jar:5.3.23]
	at org.springframework.orm.jpa.LocalContainerEntityManagerFactoryBean.createNativeEntityManagerFactory(LocalContainerEntityManagerFactoryBean.java:365) ~[spring-orm-5.3.23.jar:5.3.23]
	at org.springframework.orm.jpa.AbstractEntityManagerFactoryBean.buildNativeEntityManagerFactory(AbstractEntityManagerFactoryBean.java:409) ~[spring-orm-5.3.23.jar:5.3.23]
	at org.springframework.orm.jpa.AbstractEntityManagerFactoryBean.afterPropertiesSet(AbstractEntityManagerFactoryBean.java:396) ~[spring-orm-5.3.23.jar:5.3.23]
	at org.springframework.orm.jpa.LocalContainerEntityManagerFactoryBean.afterPropertiesSet(LocalContainerEntityManagerFactoryBean.java:341) ~[spring-orm-5.3.23.jar:5.3.23]
	at org.springframework.beans.factory.support.AbstractAutowireCapableBeanFactory.invokeInitMethods(AbstractAutowireCapableBeanFactory.java:1863) ~[spring-beans-5.3.23.jar:5.3.23]
	at org.springframework.beans.factory.support.AbstractAutowireCapableBeanFactory.initializeBean(AbstractAutowireCapableBeanFactory.java:1800) ~[spring-beans-5.3.23.jar:5.3.23]
	at org.springframework.beans.factory.support.AbstractAutowireCapableBeanFactory.doCreateBean(AbstractAutowireCapableBeanFactory.java:620) ~[spring-beans-5.3.23.jar:5.3.23]
	at org.springframework.beans.factory.support.AbstractAutowireCapableBeanFactory.createBean(AbstractAutowireCapableBeanFactory.java:542) ~[spring-beans-5.3.23.jar:5.3.23]
	at org.springframework.beans.factory.support.AbstractBeanFactory.lambda$doGetBean$0(AbstractBeanFactory.java:335) ~[spring-beans-5.3.23.jar:5.3.23]
	at org.springframework.beans.factory.support.DefaultSingletonBeanRegistry.getSingleton(DefaultSingletonBeanRegistry.java:234) ~[spring-beans-5.3.23.jar:5.3.23]
	at org.springframework.beans.factory.support.AbstractBeanFactory.doGetBean(AbstractBeanFactory.java:333) ~[spring-beans-5.3.23.jar:5.3.23]
	at org.springframework.beans.factory.support.AbstractBeanFactory.getBean(AbstractBeanFactory.java:208) ~[spring-beans-5.3.23.jar:5.3.23]
	at org.springframework.context.support.AbstractApplicationContext.getBean(AbstractApplicationContext.java:1154) ~[spring-context-5.3.23.jar:5.3.23]
	at org.springframework.context.support.AbstractApplicationContext.finishBeanFactoryInitialization(AbstractApplicationContext.java:908) ~[spring-context-5.3.23.jar:5.3.23]
	at org.springframework.context.support.AbstractApplicationContext.refresh(AbstractApplicationContext.java:583) ~[spring-context-5.3.23.jar:5.3.23]
	at org.springframework.boot.SpringApplication.refresh(SpringApplication.java:734) ~[spring-boot-2.7.5.jar:2.7.5]
	at org.springframework.boot.SpringApplication.refreshContext(SpringApplication.java:408) ~[spring-boot-2.7.5.jar:2.7.5]
	at org.springframework.boot.SpringApplication.run(SpringApplication.java:308) ~[spring-boot-2.7.5.jar:2.7.5]
	at org.springframework.boot.test.context.SpringBootContextLoader.loadContext(SpringBootContextLoader.java:132) ~[spring-boot-test-2.7.5.jar:2.7.5]
	at org.springframework.test.context.cache.DefaultCacheAwareContextLoaderDelegate.loadContextInternal(DefaultCacheAwareContextLoaderDelegate.java:141) ~[spring-test-5.3.23.jar:5.3.23]
	at org.springframework.test.context.cache.DefaultCacheAwareContextLoaderDelegate.loadContext(DefaultCacheAwareContextLoaderDelegate.java:90) ~[spring-test-5.3.23.jar:5.3.23]
	at org.springframework.test.context.support.DefaultTestContext.getApplicationContext(DefaultTestContext.java:124) ~[spring-test-5.3.23.jar:5.3.23]
	at org.springframework.test.context.web.ServletTestExecutionListener.setUpRequestContextIfNecessary(ServletTestExecutionListener.java:190) ~[spring-test-5.3.23.jar:5.3.23]
	at org.springframework.test.context.web.ServletTestExecutionListener.prepareTestInstance(ServletTestExecutionListener.java:132) ~[spring-test-5.3.23.jar:5.3.23]
	at org.springframework.test.context.TestContextManager.prepareTestInstance(TestContextManager.java:248) ~[spring-test-5.3.23.jar:5.3.23]
	at org.springframework.test.context.junit.jupiter.SpringExtension.postProcessTestInstance(SpringExtension.java:138) ~[spring-test-5.3.23.jar:5.3.23]
	at org.junit.jupiter.engine.descriptor.ClassBasedTestDescriptor.lambda$invokeTestInstancePostProcessors$8(ClassBasedTestDescriptor.java:363) ~[junit-jupiter-engine-5.8.2.jar:5.8.2]
	at org.junit.jupiter.engine.descriptor.ClassBasedTestDescriptor.executeAndMaskThrowable(ClassBasedTestDescriptor.java:368) ~[junit-jupiter-engine-5.8.2.jar:5.8.2]
	at org.junit.jupiter.engine.descriptor.ClassBasedTestDescriptor.lambda$invokeTestInstancePostProcessors$9(ClassBasedTestDescriptor.java:363) ~[junit-jupiter-engine-5.8.2.jar:5.8.2]
	at java.base/java.util.stream.ReferencePipeline$3$1.accept(ReferencePipeline.java:197) ~[na:na]
	at java.base/java.util.stream.ReferencePipeline$2$1.accept(ReferencePipeline.java:179) ~[na:na]
	at java.base/java.util.ArrayList$ArrayListSpliterator.forEachRemaining(ArrayList.java:1625) ~[na:na]
	at java.base/java.util.stream.AbstractPipeline.copyInto(AbstractPipeline.java:509) ~[na:na]
	at java.base/java.util.stream.AbstractPipeline.wrapAndCopyInto(AbstractPipeline.java:499) ~[na:na]
	at java.base/java.util.stream.StreamSpliterators$WrappingSpliterator.forEachRemaining(StreamSpliterators.java:310) ~[na:na]
	at java.base/java.util.stream.Streams$ConcatSpliterator.forEachRemaining(Streams.java:735) ~[na:na]
	at java.base/java.util.stream.Streams$ConcatSpliterator.forEachRemaining(Streams.java:734) ~[na:na]
	at java.base/java.util.stream.ReferencePipeline$Head.forEach(ReferencePipeline.java:762) ~[na:na]
	at org.junit.jupiter.engine.descriptor.ClassBasedTestDescriptor.invokeTestInstancePostProcessors(ClassBasedTestDescriptor.java:362) ~[junit-jupiter-engine-5.8.2.jar:5.8.2]
	at org.junit.jupiter.engine.descriptor.ClassBasedTestDescriptor.lambda$instantiateAndPostProcessTestInstance$6(ClassBasedTestDescriptor.java:283) ~[junit-jupiter-engine-5.8.2.jar:5.8.2]
	at org.junit.platform.engine.support.hierarchical.ThrowableCollector.execute(ThrowableCollector.java:73) ~[junit-platform-engine-1.8.2.jar:1.8.2]
	at org.junit.jupiter.engine.descriptor.ClassBasedTestDescriptor.instantiateAndPostProcessTestInstance(ClassBasedTestDescriptor.java:282) ~[junit-jupiter-engine-5.8.2.jar:5.8.2]
	at org.junit.jupiter.engine.descriptor.ClassBasedTestDescriptor.lambda$testInstancesProvider$4(ClassBasedTestDescriptor.java:272) ~[junit-jupiter-engine-5.8.2.jar:5.8.2]
	at java.base/java.util.Optional.orElseGet(Optional.java:364) ~[na:na]
	at org.junit.jupiter.engine.descriptor.ClassBasedTestDescriptor.lambda$testInstancesProvider$5(ClassBasedTestDescriptor.java:271) ~[junit-jupiter-engine-5.8.2.jar:5.8.2]
	at org.junit.jupiter.engine.execution.TestInstancesProvider.getTestInstances(TestInstancesProvider.java:31) ~[junit-jupiter-engine-5.8.2.jar:5.8.2]
	at org.junit.jupiter.engine.descriptor.TestMethodTestDescriptor.lambda$prepare$0(TestMethodTestDescriptor.java:102) ~[junit-jupiter-engine-5.8.2.jar:5.8.2]
	at org.junit.platform.engine.support.hierarchical.ThrowableCollector.execute(ThrowableCollector.java:73) ~[junit-platform-engine-1.8.2.jar:1.8.2]
	at org.junit.jupiter.engine.descriptor.TestMethodTestDescriptor.prepare(TestMethodTestDescriptor.java:101) ~[junit-jupiter-engine-5.8.2.jar:5.8.2]
	at org.junit.jupiter.engine.descriptor.TestMethodTestDescriptor.prepare(TestMethodTestDescriptor.java:66) ~[junit-jupiter-engine-5.8.2.jar:5.8.2]
	at org.junit.platform.engine.support.hierarchical.NodeTestTask.lambda$prepare$2(NodeTestTask.java:123) ~[junit-platform-engine-1.8.2.jar:1.8.2]
	at org.junit.platform.engine.support.hierarchical.ThrowableCollector.execute(ThrowableCollector.java:73) ~[junit-platform-engine-1.8.2.jar:1.8.2]
	at org.junit.platform.engine.support.hierarchical.NodeTestTask.prepare(NodeTestTask.java:123) ~[junit-platform-engine-1.8.2.jar:1.8.2]
	at org.junit.platform.engine.support.hierarchical.NodeTestTask.execute(NodeTestTask.java:90) ~[junit-platform-engine-1.8.2.jar:1.8.2]
	at java.base/java.util.ArrayList.forEach(ArrayList.java:1511) ~[na:na]
	at org.junit.platform.engine.support.hierarchical.SameThreadHierarchicalTestExecutorService.invokeAll(SameThreadHierarchicalTestExecutorService.java:41) ~[junit-platform-engine-1.8.2.jar:1.8.2]
	at org.junit.platform.engine.support.hierarchical.NodeTestTask.lambda$executeRecursively$6(NodeTestTask.java:155) ~[junit-platform-engine-1.8.2.jar:1.8.2]
	at org.junit.platform.engine.support.hierarchical.ThrowableCollector.execute(ThrowableCollector.java:73) ~[junit-platform-engine-1.8.2.jar:1.8.2]
	at org.junit.platform.engine.support.hierarchical.NodeTestTask.lambda$executeRecursively$8(NodeTestTask.java:141) ~[junit-platform-engine-1.8.2.jar:1.8.2]
	at org.junit.platform.engine.support.hierarchical.Node.around(Node.java:137) ~[junit-platform-engine-1.8.2.jar:1.8.2]
	at org.junit.platform.engine.support.hierarchical.NodeTestTask.lambda$executeRecursively$9(NodeTestTask.java:139) ~[junit-platform-engine-1.8.2.jar:1.8.2]
	at org.junit.platform.engine.support.hierarchical.ThrowableCollector.execute(ThrowableCollector.java:73) ~[junit-platform-engine-1.8.2.jar:1.8.2]
	at org.junit.platform.engine.support.hierarchical.NodeTestTask.executeRecursively(NodeTestTask.java:138) ~[junit-platform-engine-1.8.2.jar:1.8.2]
	at org.junit.platform.engine.support.hierarchical.NodeTestTask.execute(NodeTestTask.java:95) ~[junit-platform-engine-1.8.2.jar:1.8.2]
	at java.base/java.util.ArrayList.forEach(ArrayList.java:1511) ~[na:na]
	at org.junit.platform.engine.support.hierarchical.SameThreadHierarchicalTestExecutorService.invokeAll(SameThreadHierarchicalTestExecutorService.java:41) ~[junit-platform-engine-1.8.2.jar:1.8.2]
	at org.junit.platform.engine.support.hierarchical.NodeTestTask.lambda$executeRecursively$6(NodeTestTask.java:155) ~[junit-platform-engine-1.8.2.jar:1.8.2]
	at org.junit.platform.engine.support.hierarchical.ThrowableCollector.execute(ThrowableCollector.java:73) ~[junit-platform-engine-1.8.2.jar:1.8.2]
	at org.junit.platform.engine.support.hierarchical.NodeTestTask.lambda$executeRecursively$8(NodeTestTask.java:141) ~[junit-platform-engine-1.8.2.jar:1.8.2]
	at org.junit.platform.engine.support.hierarchical.Node.around(Node.java:137) ~[junit-platform-engine-1.8.2.jar:1.8.2]
	at org.junit.platform.engine.support.hierarchical.NodeTestTask.lambda$executeRecursively$9(NodeTestTask.java:139) ~[junit-platform-engine-1.8.2.jar:1.8.2]
	at org.junit.platform.engine.support.hierarchical.ThrowableCollector.execute(ThrowableCollector.java:73) ~[junit-platform-engine-1.8.2.jar:1.8.2]
	at org.junit.platform.engine.support.hierarchical.NodeTestTask.executeRecursively(NodeTestTask.java:138) ~[junit-platform-engine-1.8.2.jar:1.8.2]
	at org.junit.platform.engine.support.hierarchical.NodeTestTask.execute(NodeTestTask.java:95) ~[junit-platform-engine-1.8.2.jar:1.8.2]
	at org.junit.platform.engine.support.hierarchical.SameThreadHierarchicalTestExecutorService.submit(SameThreadHierarchicalTestExecutorService.java:35) ~[junit-platform-engine-1.8.2.jar:1.8.2]
	at org.junit.platform.engine.support.hierarchical.HierarchicalTestExecutor.execute(HierarchicalTestExecutor.java:57) ~[junit-platform-engine-1.8.2.jar:1.8.2]
	at org.junit.platform.engine.support.hierarchical.HierarchicalTestEngine.execute(HierarchicalTestEngine.java:54) ~[junit-platform-engine-1.8.2.jar:1.8.2]
	at org.junit.platform.launcher.core.EngineExecutionOrchestrator.execute(EngineExecutionOrchestrator.java:107) ~[na:na]
	at org.junit.platform.launcher.core.EngineExecutionOrchestrator.execute(EngineExecutionOrchestrator.java:88) ~[na:na]
	at org.junit.platform.launcher.core.EngineExecutionOrchestrator.lambda$execute$0(EngineExecutionOrchestrator.java:54) ~[na:na]
	at org.junit.platform.launcher.core.EngineExecutionOrchestrator.withInterceptedStreams(EngineExecutionOrchestrator.java:67) ~[na:na]
	at org.junit.platform.launcher.core.EngineExecutionOrchestrator.execute(EngineExecutionOrchestrator.java:52) ~[na:na]
	at org.junit.platform.launcher.core.DefaultLauncher.execute(DefaultLauncher.java:114) ~[na:na]
	at org.junit.platform.launcher.core.DefaultLauncher.execute(DefaultLauncher.java:86) ~[na:na]
	at org.junit.platform.launcher.core.DefaultLauncherSession$DelegatingLauncher.execute(DefaultLauncherSession.java:86) ~[na:na]
	at org.junit.platform.launcher.core.SessionPerRequestLauncher.execute(SessionPerRequestLauncher.java:53) ~[na:na]
	at org.gradle.api.internal.tasks.testing.junitplatform.JUnitPlatformTestClassProcessor$CollectAllTestClassesExecutor.processAllTestClasses(JUnitPlatformTestClassProcessor.java:99) ~[na:na]
	at org.gradle.api.internal.tasks.testing.junitplatform.JUnitPlatformTestClassProcessor$CollectAllTestClassesExecutor.access$000(JUnitPlatformTestClassProcessor.java:79) ~[na:na]
	at org.gradle.api.internal.tasks.testing.junitplatform.JUnitPlatformTestClassProcessor.stop(JUnitPlatformTestClassProcessor.java:75) ~[na:na]
	at org.gradle.api.internal.tasks.testing.SuiteTestClassProcessor.stop(SuiteTestClassProcessor.java:61) ~[na:na]
	at java.base/jdk.internal.reflect.NativeMethodAccessorImpl.invoke0(Native Method) ~[na:na]
	at java.base/jdk.internal.reflect.NativeMethodAccessorImpl.invoke(NativeMethodAccessorImpl.java:77) ~[na:na]
	at java.base/jdk.internal.reflect.DelegatingMethodAccessorImpl.invoke(DelegatingMethodAccessorImpl.java:43) ~[na:na]
	at java.base/java.lang.reflect.Method.invoke(Method.java:568) ~[na:na]
	at org.gradle.internal.dispatch.ReflectionDispatch.dispatch(ReflectionDispatch.java:36) ~[na:na]
	at org.gradle.internal.dispatch.ReflectionDispatch.dispatch(ReflectionDispatch.java:24) ~[na:na]
	at org.gradle.internal.dispatch.ContextClassLoaderDispatch.dispatch(ContextClassLoaderDispatch.java:33) ~[na:na]
	at org.gradle.internal.dispatch.ProxyDispatchAdapter$DispatchingInvocationHandler.invoke(ProxyDispatchAdapter.java:94) ~[na:na]
	at jdk.proxy1/jdk.proxy1.$Proxy2.stop(Unknown Source) ~[na:na]
	at org.gradle.api.internal.tasks.testing.worker.TestWorker$3.run(TestWorker.java:193) ~[na:na]
	at org.gradle.api.internal.tasks.testing.worker.TestWorker.executeAndMaintainThreadName(TestWorker.java:129) ~[na:na]
	at org.gradle.api.internal.tasks.testing.worker.TestWorker.execute(TestWorker.java:100) ~[na:na]
	at org.gradle.api.internal.tasks.testing.worker.TestWorker.execute(TestWorker.java:60) ~[na:na]
	at org.gradle.process.internal.worker.child.ActionExecutionWorker.execute(ActionExecutionWorker.java:56) ~[na:na]
	at org.gradle.process.internal.worker.child.SystemApplicationClassLoaderWorker.call(SystemApplicationClassLoaderWorker.java:133) ~[na:na]
	at org.gradle.process.internal.worker.child.SystemApplicationClassLoaderWorker.call(SystemApplicationClassLoaderWorker.java:71) ~[na:na]
	at worker.org.gradle.process.internal.worker.GradleWorkerMain.run(GradleWorkerMain.java:69) ~[gradle-worker.jar:na]
	at worker.org.gradle.process.internal.worker.GradleWorkerMain.main(GradleWorkerMain.java:74) ~[gradle-worker.jar:na]

2022-11-20 17:21:19.766  WARN 90415 --- [    Test worker] o.h.e.j.e.i.JdbcEnvironmentInitiator     : HHH000342: Could not obtain connection to query metadata

org.postgresql.util.PSQLException: FATAL: too many connections for role &quot;txodppsijznhit&quot;
	at org.postgresql.core.v3.QueryExecutorImpl.receiveErrorResponse(QueryExecutorImpl.java:2676) ~[postgresql-42.5.0.jar:42.5.0]
	at org.postgresql.core.v3.QueryExecutorImpl.readStartupMessages(QueryExecutorImpl.java:2788) ~[postgresql-42.5.0.jar:42.5.0]
	at org.postgresql.core.v3.QueryExecutorImpl.&lt;init&gt;(QueryExecutorImpl.java:174) ~[postgresql-42.5.0.jar:42.5.0]
	at org.postgresql.core.v3.ConnectionFactoryImpl.openConnectionImpl(ConnectionFactoryImpl.java:290) ~[postgresql-42.5.0.jar:42.5.0]
	at org.postgresql.core.ConnectionFactory.openConnection(ConnectionFactory.java:49) ~[postgresql-42.5.0.jar:42.5.0]
	at org.postgresql.jdbc.PgConnection.&lt;init&gt;(PgConnection.java:247) ~[postgresql-42.5.0.jar:42.5.0]
	at org.postgresql.Driver.makeConnection(Driver.java:434) ~[postgresql-42.5.0.jar:42.5.0]
	at org.postgresql.Driver.connect(Driver.java:291) ~[postgresql-42.5.0.jar:42.5.0]
	at com.zaxxer.hikari.util.DriverDataSource.getConnection(DriverDataSource.java:138) ~[HikariCP-4.0.3.jar:na]
	at com.zaxxer.hikari.pool.PoolBase.newConnection(PoolBase.java:364) ~[HikariCP-4.0.3.jar:na]
	at com.zaxxer.hikari.pool.PoolBase.newPoolEntry(PoolBase.java:206) ~[HikariCP-4.0.3.jar:na]
	at com.zaxxer.hikari.pool.HikariPool.createPoolEntry(HikariPool.java:476) ~[HikariCP-4.0.3.jar:na]
	at com.zaxxer.hikari.pool.HikariPool.checkFailFast(HikariPool.java:561) ~[HikariCP-4.0.3.jar:na]
	at com.zaxxer.hikari.pool.HikariPool.&lt;init&gt;(HikariPool.java:115) ~[HikariCP-4.0.3.jar:na]
	at com.zaxxer.hikari.HikariDataSource.getConnection(HikariDataSource.java:112) ~[HikariCP-4.0.3.jar:na]
	at org.hibernate.engine.jdbc.connections.internal.DatasourceConnectionProviderImpl.getConnection(DatasourceConnectionProviderImpl.java:122) ~[hibernate-core-5.6.12.Final.jar:5.6.12.Final]
	at org.hibernate.engine.jdbc.env.internal.JdbcEnvironmentInitiator$ConnectionProviderJdbcConnectionAccess.obtainConnection(JdbcEnvironmentInitiator.java:181) ~[hibernate-core-5.6.12.Final.jar:5.6.12.Final]
	at org.hibernate.engine.jdbc.env.internal.JdbcEnvironmentInitiator.initiateService(JdbcEnvironmentInitiator.java:68) ~[hibernate-core-5.6.12.Final.jar:5.6.12.Final]
	at org.hibernate.engine.jdbc.env.internal.JdbcEnvironmentInitiator.initiateService(JdbcEnvironmentInitiator.java:35) ~[hibernate-core-5.6.12.Final.jar:5.6.12.Final]
	at org.hibernate.boot.registry.internal.StandardServiceRegistryImpl.initiateService(StandardServiceRegistryImpl.java:101) ~[hibernate-core-5.6.12.Final.jar:5.6.12.Final]
	at org.hibernate.service.internal.AbstractServiceRegistryImpl.createService(AbstractServiceRegistryImpl.java:263) ~[hibernate-core-5.6.12.Final.jar:5.6.12.Final]
	at org.hibernate.service.internal.AbstractServiceRegistryImpl.initializeService(AbstractServiceRegistryImpl.java:237) ~[hibernate-core-5.6.12.Final.jar:5.6.12.Final]
	at org.hibernate.service.internal.AbstractServiceRegistryImpl.getService(AbstractServiceRegistryImpl.java:214) ~[hibernate-core-5.6.12.Final.jar:5.6.12.Final]
	at org.hibernate.id.factory.internal.DefaultIdentifierGeneratorFactory.injectServices(DefaultIdentifierGeneratorFactory.java:175) ~[hibernate-core-5.6.12.Final.jar:5.6.12.Final]
	at org.hibernate.service.internal.AbstractServiceRegistryImpl.injectDependencies(AbstractServiceRegistryImpl.java:286) ~[hibernate-core-5.6.12.Final.jar:5.6.12.Final]
	at org.hibernate.service.internal.AbstractServiceRegistryImpl.initializeService(AbstractServiceRegistryImpl.java:243) ~[hibernate-core-5.6.12.Final.jar:5.6.12.Final]
	at org.hibernate.service.internal.AbstractServiceRegistryImpl.getService(AbstractServiceRegistryImpl.java:214) ~[hibernate-core-5.6.12.Final.jar:5.6.12.Final]
	at org.hibernate.boot.internal.InFlightMetadataCollectorImpl.&lt;init&gt;(InFlightMetadataCollectorImpl.java:173) ~[hibernate-core-5.6.12.Final.jar:5.6.12.Final]
	at org.hibernate.boot.model.process.spi.MetadataBuildingProcess.complete(MetadataBuildingProcess.java:127) ~[hibernate-core-5.6.12.Final.jar:5.6.12.Final]
	at org.hibernate.jpa.boot.internal.EntityManagerFactoryBuilderImpl.metadata(EntityManagerFactoryBuilderImpl.java:1460) ~[hibernate-core-5.6.12.Final.jar:5.6.12.Final]
	at org.hibernate.jpa.boot.internal.EntityManagerFactoryBuilderImpl.build(EntityManagerFactoryBuilderImpl.java:1494) ~[hibernate-core-5.6.12.Final.jar:5.6.12.Final]
	at org.springframework.orm.jpa.vendor.SpringHibernateJpaPersistenceProvider.createContainerEntityManagerFactory(SpringHibernateJpaPersistenceProvider.java:58) ~[spring-orm-5.3.23.jar:5.3.23]
	at org.springframework.orm.jpa.LocalContainerEntityManagerFactoryBean.createNativeEntityManagerFactory(LocalContainerEntityManagerFactoryBean.java:365) ~[spring-orm-5.3.23.jar:5.3.23]
	at org.springframework.orm.jpa.AbstractEntityManagerFactoryBean.buildNativeEntityManagerFactory(AbstractEntityManagerFactoryBean.java:409) ~[spring-orm-5.3.23.jar:5.3.23]
	at org.springframework.orm.jpa.AbstractEntityManagerFactoryBean.afterPropertiesSet(AbstractEntityManagerFactoryBean.java:396) ~[spring-orm-5.3.23.jar:5.3.23]
	at org.springframework.orm.jpa.LocalContainerEntityManagerFactoryBean.afterPropertiesSet(LocalContainerEntityManagerFactoryBean.java:341) ~[spring-orm-5.3.23.jar:5.3.23]
	at org.springframework.beans.factory.support.AbstractAutowireCapableBeanFactory.invokeInitMethods(AbstractAutowireCapableBeanFactory.java:1863) ~[spring-beans-5.3.23.jar:5.3.23]
	at org.springframework.beans.factory.support.AbstractAutowireCapableBeanFactory.initializeBean(AbstractAutowireCapableBeanFactory.java:1800) ~[spring-beans-5.3.23.jar:5.3.23]
	at org.springframework.beans.factory.support.AbstractAutowireCapableBeanFactory.doCreateBean(AbstractAutowireCapableBeanFactory.java:620) ~[spring-beans-5.3.23.jar:5.3.23]
	at org.springframework.beans.factory.support.AbstractAutowireCapableBeanFactory.createBean(AbstractAutowireCapableBeanFactory.java:542) ~[spring-beans-5.3.23.jar:5.3.23]
	at org.springframework.beans.factory.support.AbstractBeanFactory.lambda$doGetBean$0(AbstractBeanFactory.java:335) ~[spring-beans-5.3.23.jar:5.3.23]
	at org.springframework.beans.factory.support.DefaultSingletonBeanRegistry.getSingleton(DefaultSingletonBeanRegistry.java:234) ~[spring-beans-5.3.23.jar:5.3.23]
	at org.springframework.beans.factory.support.AbstractBeanFactory.doGetBean(AbstractBeanFactory.java:333) ~[spring-beans-5.3.23.jar:5.3.23]
	at org.springframework.beans.factory.support.AbstractBeanFactory.getBean(AbstractBeanFactory.java:208) ~[spring-beans-5.3.23.jar:5.3.23]
	at org.springframework.context.support.AbstractApplicationContext.getBean(AbstractApplicationContext.java:1154) ~[spring-context-5.3.23.jar:5.3.23]
	at org.springframework.context.support.AbstractApplicationContext.finishBeanFactoryInitialization(AbstractApplicationContext.java:908) ~[spring-context-5.3.23.jar:5.3.23]
	at org.springframework.context.support.AbstractApplicationContext.refresh(AbstractApplicationContext.java:583) ~[spring-context-5.3.23.jar:5.3.23]
	at org.springframework.boot.SpringApplication.refresh(SpringApplication.java:734) ~[spring-boot-2.7.5.jar:2.7.5]
	at org.springframework.boot.SpringApplication.refreshContext(SpringApplication.java:408) ~[spring-boot-2.7.5.jar:2.7.5]
	at org.springframework.boot.SpringApplication.run(SpringApplication.java:308) ~[spring-boot-2.7.5.jar:2.7.5]
	at org.springframework.boot.test.context.SpringBootContextLoader.loadContext(SpringBootContextLoader.java:132) ~[spring-boot-test-2.7.5.jar:2.7.5]
	at org.springframework.test.context.cache.DefaultCacheAwareContextLoaderDelegate.loadContextInternal(DefaultCacheAwareContextLoaderDelegate.java:141) ~[spring-test-5.3.23.jar:5.3.23]
	at org.springframework.test.context.cache.DefaultCacheAwareContextLoaderDelegate.loadContext(DefaultCacheAwareContextLoaderDelegate.java:90) ~[spring-test-5.3.23.jar:5.3.23]
	at org.springframework.test.context.support.DefaultTestContext.getApplicationContext(DefaultTestContext.java:124) ~[spring-test-5.3.23.jar:5.3.23]
	at org.springframework.test.context.web.ServletTestExecutionListener.setUpRequestContextIfNecessary(ServletTestExecutionListener.java:190) ~[spring-test-5.3.23.jar:5.3.23]
	at org.springframework.test.context.web.ServletTestExecutionListener.prepareTestInstance(ServletTestExecutionListener.java:132) ~[spring-test-5.3.23.jar:5.3.23]
	at org.springframework.test.context.TestContextManager.prepareTestInstance(TestContextManager.java:248) ~[spring-test-5.3.23.jar:5.3.23]
	at org.springframework.test.context.junit.jupiter.SpringExtension.postProcessTestInstance(SpringExtension.java:138) ~[spring-test-5.3.23.jar:5.3.23]
	at org.junit.jupiter.engine.descriptor.ClassBasedTestDescriptor.lambda$invokeTestInstancePostProcessors$8(ClassBasedTestDescriptor.java:363) ~[junit-jupiter-engine-5.8.2.jar:5.8.2]
	at org.junit.jupiter.engine.descriptor.ClassBasedTestDescriptor.executeAndMaskThrowable(ClassBasedTestDescriptor.java:368) ~[junit-jupiter-engine-5.8.2.jar:5.8.2]
	at org.junit.jupiter.engine.descriptor.ClassBasedTestDescriptor.lambda$invokeTestInstancePostProcessors$9(ClassBasedTestDescriptor.java:363) ~[junit-jupiter-engine-5.8.2.jar:5.8.2]
	at java.base/java.util.stream.ReferencePipeline$3$1.accept(ReferencePipeline.java:197) ~[na:na]
	at java.base/java.util.stream.ReferencePipeline$2$1.accept(ReferencePipeline.java:179) ~[na:na]
	at java.base/java.util.ArrayList$ArrayListSpliterator.forEachRemaining(ArrayList.java:1625) ~[na:na]
	at java.base/java.util.stream.AbstractPipeline.copyInto(AbstractPipeline.java:509) ~[na:na]
	at java.base/java.util.stream.AbstractPipeline.wrapAndCopyInto(AbstractPipeline.java:499) ~[na:na]
	at java.base/java.util.stream.StreamSpliterators$WrappingSpliterator.forEachRemaining(StreamSpliterators.java:310) ~[na:na]
	at java.base/java.util.stream.Streams$ConcatSpliterator.forEachRemaining(Streams.java:735) ~[na:na]
	at java.base/java.util.stream.Streams$ConcatSpliterator.forEachRemaining(Streams.java:734) ~[na:na]
	at java.base/java.util.stream.ReferencePipeline$Head.forEach(ReferencePipeline.java:762) ~[na:na]
	at org.junit.jupiter.engine.descriptor.ClassBasedTestDescriptor.invokeTestInstancePostProcessors(ClassBasedTestDescriptor.java:362) ~[junit-jupiter-engine-5.8.2.jar:5.8.2]
	at org.junit.jupiter.engine.descriptor.ClassBasedTestDescriptor.lambda$instantiateAndPostProcessTestInstance$6(ClassBasedTestDescriptor.java:283) ~[junit-jupiter-engine-5.8.2.jar:5.8.2]
	at org.junit.platform.engine.support.hierarchical.ThrowableCollector.execute(ThrowableCollector.java:73) ~[junit-platform-engine-1.8.2.jar:1.8.2]
	at org.junit.jupiter.engine.descriptor.ClassBasedTestDescriptor.instantiateAndPostProcessTestInstance(ClassBasedTestDescriptor.java:282) ~[junit-jupiter-engine-5.8.2.jar:5.8.2]
	at org.junit.jupiter.engine.descriptor.ClassBasedTestDescriptor.lambda$testInstancesProvider$4(ClassBasedTestDescriptor.java:272) ~[junit-jupiter-engine-5.8.2.jar:5.8.2]
	at java.base/java.util.Optional.orElseGet(Optional.java:364) ~[na:na]
	at org.junit.jupiter.engine.descriptor.ClassBasedTestDescriptor.lambda$testInstancesProvider$5(ClassBasedTestDescriptor.java:271) ~[junit-jupiter-engine-5.8.2.jar:5.8.2]
	at org.junit.jupiter.engine.execution.TestInstancesProvider.getTestInstances(TestInstancesProvider.java:31) ~[junit-jupiter-engine-5.8.2.jar:5.8.2]
	at org.junit.jupiter.engine.descriptor.TestMethodTestDescriptor.lambda$prepare$0(TestMethodTestDescriptor.java:102) ~[junit-jupiter-engine-5.8.2.jar:5.8.2]
	at org.junit.platform.engine.support.hierarchical.ThrowableCollector.execute(ThrowableCollector.java:73) ~[junit-platform-engine-1.8.2.jar:1.8.2]
	at org.junit.jupiter.engine.descriptor.TestMethodTestDescriptor.prepare(TestMethodTestDescriptor.java:101) ~[junit-jupiter-engine-5.8.2.jar:5.8.2]
	at org.junit.jupiter.engine.descriptor.TestMethodTestDescriptor.prepare(TestMethodTestDescriptor.java:66) ~[junit-jupiter-engine-5.8.2.jar:5.8.2]
	at org.junit.platform.engine.support.hierarchical.NodeTestTask.lambda$prepare$2(NodeTestTask.java:123) ~[junit-platform-engine-1.8.2.jar:1.8.2]
	at org.junit.platform.engine.support.hierarchical.ThrowableCollector.execute(ThrowableCollector.java:73) ~[junit-platform-engine-1.8.2.jar:1.8.2]
	at org.junit.platform.engine.support.hierarchical.NodeTestTask.prepare(NodeTestTask.java:123) ~[junit-platform-engine-1.8.2.jar:1.8.2]
	at org.junit.platform.engine.support.hierarchical.NodeTestTask.execute(NodeTestTask.java:90) ~[junit-platform-engine-1.8.2.jar:1.8.2]
	at java.base/java.util.ArrayList.forEach(ArrayList.java:1511) ~[na:na]
	at org.junit.platform.engine.support.hierarchical.SameThreadHierarchicalTestExecutorService.invokeAll(SameThreadHierarchicalTestExecutorService.java:41) ~[junit-platform-engine-1.8.2.jar:1.8.2]
	at org.junit.platform.engine.support.hierarchical.NodeTestTask.lambda$executeRecursively$6(NodeTestTask.java:155) ~[junit-platform-engine-1.8.2.jar:1.8.2]
	at org.junit.platform.engine.support.hierarchical.ThrowableCollector.execute(ThrowableCollector.java:73) ~[junit-platform-engine-1.8.2.jar:1.8.2]
	at org.junit.platform.engine.support.hierarchical.NodeTestTask.lambda$executeRecursively$8(NodeTestTask.java:141) ~[junit-platform-engine-1.8.2.jar:1.8.2]
	at org.junit.platform.engine.support.hierarchical.Node.around(Node.java:137) ~[junit-platform-engine-1.8.2.jar:1.8.2]
	at org.junit.platform.engine.support.hierarchical.NodeTestTask.lambda$executeRecursively$9(NodeTestTask.java:139) ~[junit-platform-engine-1.8.2.jar:1.8.2]
	at org.junit.platform.engine.support.hierarchical.ThrowableCollector.execute(ThrowableCollector.java:73) ~[junit-platform-engine-1.8.2.jar:1.8.2]
	at org.junit.platform.engine.support.hierarchical.NodeTestTask.executeRecursively(NodeTestTask.java:138) ~[junit-platform-engine-1.8.2.jar:1.8.2]
	at org.junit.platform.engine.support.hierarchical.NodeTestTask.execute(NodeTestTask.java:95) ~[junit-platform-engine-1.8.2.jar:1.8.2]
	at java.base/java.util.ArrayList.forEach(ArrayList.java:1511) ~[na:na]
	at org.junit.platform.engine.support.hierarchical.SameThreadHierarchicalTestExecutorService.invokeAll(SameThreadHierarchicalTestExecutorService.java:41) ~[junit-platform-engine-1.8.2.jar:1.8.2]
	at org.junit.platform.engine.support.hierarchical.NodeTestTask.lambda$executeRecursively$6(NodeTestTask.java:155) ~[junit-platform-engine-1.8.2.jar:1.8.2]
	at org.junit.platform.engine.support.hierarchical.ThrowableCollector.execute(ThrowableCollector.java:73) ~[junit-platform-engine-1.8.2.jar:1.8.2]
	at org.junit.platform.engine.support.hierarchical.NodeTestTask.lambda$executeRecursively$8(NodeTestTask.java:141) ~[junit-platform-engine-1.8.2.jar:1.8.2]
	at org.junit.platform.engine.support.hierarchical.Node.around(Node.java:137) ~[junit-platform-engine-1.8.2.jar:1.8.2]
	at org.junit.platform.engine.support.hierarchical.NodeTestTask.lambda$executeRecursively$9(NodeTestTask.java:139) ~[junit-platform-engine-1.8.2.jar:1.8.2]
	at org.junit.platform.engine.support.hierarchical.ThrowableCollector.execute(ThrowableCollector.java:73) ~[junit-platform-engine-1.8.2.jar:1.8.2]
	at org.junit.platform.engine.support.hierarchical.NodeTestTask.executeRecursively(NodeTestTask.java:138) ~[junit-platform-engine-1.8.2.jar:1.8.2]
	at org.junit.platform.engine.support.hierarchical.NodeTestTask.execute(NodeTestTask.java:95) ~[junit-platform-engine-1.8.2.jar:1.8.2]
	at org.junit.platform.engine.support.hierarchical.SameThreadHierarchicalTestExecutorService.submit(SameThreadHierarchicalTestExecutorService.java:35) ~[junit-platform-engine-1.8.2.jar:1.8.2]
	at org.junit.platform.engine.support.hierarchical.HierarchicalTestExecutor.execute(HierarchicalTestExecutor.java:57) ~[junit-platform-engine-1.8.2.jar:1.8.2]
	at org.junit.platform.engine.support.hierarchical.HierarchicalTestEngine.execute(HierarchicalTestEngine.java:54) ~[junit-platform-engine-1.8.2.jar:1.8.2]
	at org.junit.platform.launcher.core.EngineExecutionOrchestrator.execute(EngineExecutionOrchestrator.java:107) ~[na:na]
	at org.junit.platform.launcher.core.EngineExecutionOrchestrator.execute(EngineExecutionOrchestrator.java:88) ~[na:na]
	at org.junit.platform.launcher.core.EngineExecutionOrchestrator.lambda$execute$0(EngineExecutionOrchestrator.java:54) ~[na:na]
	at org.junit.platform.launcher.core.EngineExecutionOrchestrator.withInterceptedStreams(EngineExecutionOrchestrator.java:67) ~[na:na]
	at org.junit.platform.launcher.core.EngineExecutionOrchestrator.execute(EngineExecutionOrchestrator.java:52) ~[na:na]
	at org.junit.platform.launcher.core.DefaultLauncher.execute(DefaultLauncher.java:114) ~[na:na]
	at org.junit.platform.launcher.core.DefaultLauncher.execute(DefaultLauncher.java:86) ~[na:na]
	at org.junit.platform.launcher.core.DefaultLauncherSession$DelegatingLauncher.execute(DefaultLauncherSession.java:86) ~[na:na]
	at org.junit.platform.launcher.core.SessionPerRequestLauncher.execute(SessionPerRequestLauncher.java:53) ~[na:na]
	at org.gradle.api.internal.tasks.testing.junitplatform.JUnitPlatformTestClassProcessor$CollectAllTestClassesExecutor.processAllTestClasses(JUnitPlatformTestClassProcessor.java:99) ~[na:na]
	at org.gradle.api.internal.tasks.testing.junitplatform.JUnitPlatformTestClassProcessor$CollectAllTestClassesExecutor.access$000(JUnitPlatformTestClassProcessor.java:79) ~[na:na]
	at org.gradle.api.internal.tasks.testing.junitplatform.JUnitPlatformTestClassProcessor.stop(JUnitPlatformTestClassProcessor.java:75) ~[na:na]
	at org.gradle.api.internal.tasks.testing.SuiteTestClassProcessor.stop(SuiteTestClassProcessor.java:61) ~[na:na]
	at java.base/jdk.internal.reflect.NativeMethodAccessorImpl.invoke0(Native Method) ~[na:na]
	at java.base/jdk.internal.reflect.NativeMethodAccessorImpl.invoke(NativeMethodAccessorImpl.java:77) ~[na:na]
	at java.base/jdk.internal.reflect.DelegatingMethodAccessorImpl.invoke(DelegatingMethodAccessorImpl.java:43) ~[na:na]
	at java.base/java.lang.reflect.Method.invoke(Method.java:568) ~[na:na]
	at org.gradle.internal.dispatch.ReflectionDispatch.dispatch(ReflectionDispatch.java:36) ~[na:na]
	at org.gradle.internal.dispatch.ReflectionDispatch.dispatch(ReflectionDispatch.java:24) ~[na:na]
	at org.gradle.internal.dispatch.ContextClassLoaderDispatch.dispatch(ContextClassLoaderDispatch.java:33) ~[na:na]
	at org.gradle.internal.dispatch.ProxyDispatchAdapter$DispatchingInvocationHandler.invoke(ProxyDispatchAdapter.java:94) ~[na:na]
	at jdk.proxy1/jdk.proxy1.$Proxy2.stop(Unknown Source) ~[na:na]
	at org.gradle.api.internal.tasks.testing.worker.TestWorker$3.run(TestWorker.java:193) ~[na:na]
	at org.gradle.api.internal.tasks.testing.worker.TestWorker.executeAndMaintainThreadName(TestWorker.java:129) ~[na:na]
	at org.gradle.api.internal.tasks.testing.worker.TestWorker.execute(TestWorker.java:100) ~[na:na]
	at org.gradle.api.internal.tasks.testing.worker.TestWorker.execute(TestWorker.java:60) ~[na:na]
	at org.gradle.process.internal.worker.child.ActionExecutionWorker.execute(ActionExecutionWorker.java:56) ~[na:na]
	at org.gradle.process.internal.worker.child.SystemApplicationClassLoaderWorker.call(SystemApplicationClassLoaderWorker.java:133) ~[na:na]
	at org.gradle.process.internal.worker.child.SystemApplicationClassLoaderWorker.call(SystemApplicationClassLoaderWorker.java:71) ~[na:na]
	at worker.org.gradle.process.internal.worker.GradleWorkerMain.run(GradleWorkerMain.java:69) ~[gradle-worker.jar:na]
	at worker.org.gradle.process.internal.worker.GradleWorkerMain.main(GradleWorkerMain.java:74) ~[gradle-worker.jar:na]

2022-11-20 17:21:19.784  INFO 90415 --- [    Test worker] org.hibernate.dialect.Dialect            : HHH000400: Using dialect: org.hibernate.dialect.PostgreSQLDialect
2022-11-20 17:21:20.314  INFO 90415 --- [    Test worker] o.h.e.t.j.p.i.JtaPlatformInitiator       : HHH000490: Using JtaPlatform implementation: [org.hibernate.engine.transaction.jta.platform.internal.NoJtaPlatform]
2022-11-20 17:21:20.326  INFO 90415 --- [    Test worker] j.LocalContainerEntityManagerFactoryBean : Initialized JPA EntityManagerFactory for persistence unit 'default'
2022-11-20 17:21:20.955  WARN 90415 --- [    Test worker] JpaBaseConfiguration$JpaWebConfiguration : spring.jpa.open-in-view is enabled by default. Therefore, database queries may be performed during view rendering. Explicitly configure spring.jpa.open-in-view to disable this warning
2022-11-20 17:21:21.524  INFO 90415 --- [    Test worker] h.d.g.freeServiceTests.FreeServiceTests  : Started FreeServiceTests in 6.411 seconds (JVM running for 7.456)
{&quot;result&quot;:&quot;Success&quot;,&quot;version&quot;:&quot;v2&quot;,&quot;next_token&quot;:&quot;scroll:thGAVUV0VFVBaCgL7p46b5nywWgsDQ_c-q-Z8sEnEVyIV6FYCJehgEVVNFUjUBFQAVAAA=&quot;,&quot;data&quot;:[{&quot;value1&quot;:&quot;https://twitter.com/1593965066755383297/status/1594259561862819846&quot;,&quot;value2&quot;:&quot;cats&quot;,&quot;value3&quot;:&quot;Grumpy Owls&quot;,&quot;value4&quot;:&quot;1593965066755383297&quot;,&quot;value5&quot;:&quot;wenkeramicanc&quot;,&quot;value6&quot;:&quot;https://pbs.twimg.com/profile_images/1593965138926882816/9igXc5gN_normal.jpg&quot;,&quot;value7&quot;:&quot;sick! @DJrodrigo800 @coins_podcast @Willie_Diep @btc_kjell @Cjryme @lebicar_ @cats_whale @andrewzenn&quot;,&quot;value8&quot;:&quot;0&quot;,&quot;value9&quot;:&quot;0&quot;,&quot;value10&quot;:&quot;0&quot;,&quot;value11&quot;:&quot;0&quot;,&quot;value12&quot;:&quot;[]&quot;,&quot;value13&quot;:&quot;[]&quot;,&quot;value14&quot;:&quot;2022-11-20 18:21:14 +0900&quot;,&quot;value15&quot;:&quot;[{\&quot;content\&quot;:\&quot;sick!\&quot;,\&quot;score\&quot;:0.10000000149011612},{\&quot;content\&quot;:\&quot;@DJrodrigo800 @coins_podcast @Willie_Diep @btc_kjell @Cjryme @lebicar_ @cats_whale @andrewzenn\&quot;,\&quot;score\&quot;:0.4000000059604645}]&quot;},{&quot;value1&quot;:&quot;https://twitter.com/110981956/status/1594259566752997376&quot;,&quot;value2&quot;:&quot;cats&quot;,&quot;value3&quot;:&quot;&quot;,&quot;value4&quot;:&quot;110981956&quot;,&quot;value5&quot;:&quot;blues_boys_tune&quot;,&quot;value6&quot;:&quot;https://pbs.twimg.com/profile_images/1052359010064588800/vRw0AAFw_normal.jpg&quot;,&quot;value7&quot;:&quot;@blues_boys_cat &quot;,&quot;value8&quot;:&quot;0&quot;,&quot;value9&quot;:&quot;0&quot;,&quot;value10&quot;:&quot;0&quot;,&quot;value11&quot;:&quot;0&quot;,&quot;value12&quot;:&quot;[]&quot;,&quot;value13&quot;:&quot;[]&quot;,&quot;value14&quot;:&quot;2022-11-20 18:21:15 +0900&quot;,&quot;value15&quot;:&quot;[{\&quot;content\&quot;:\&quot;@blues_boys_cat \&quot;,\&quot;score\&quot;:0.30000001192092896}]&quot;},{&quot;value1&quot;:&quot;https://twitter.com/12633652/status/1594259592980336640&quot;,&quot;value2&quot;:&quot;cats&quot;,&quot;value3&quot;:&quot;Joan Puig Cordon&quot;,&quot;value4&quot;:&quot;12633652&quot;,&quot;value5&quot;:&quot;joanpuig&quot;,&quot;value6&quot;:&quot;https://pbs.twimg.com/profile_images/1506250579084988422/llWFuv4m_normal.jpg&quot;,&quot;value7&quot;:&quot;@principal_cat @JL_Mico @EMarinOtto Pobres de nosaltres pluralitat? On la veieu? Ms del mateix,&quot;,&quot;value8&quot;:&quot;0&quot;,&quot;value9&quot;:&quot;0&quot;,&quot;value10&quot;:&quot;0&quot;,&quot;value11&quot;:&quot;0&quot;,&quot;value12&quot;:&quot;[]&quot;,&quot;value13&quot;:&quot;[]&quot;,&quot;value14&quot;:&quot;2022-11-20 18:21:21 +0900&quot;,&quot;value15&quot;:&quot;\&quot;\&quot;&quot;},{&quot;value1&quot;:&quot;https://twitter.com/2908876576/status/1594259607215804417&quot;,&quot;value2&quot;:&quot;cats&quot;,&quot;value3&quot;:&quot;OmoiBot&quot;,&quot;value4&quot;:&quot;2908876576&quot;,&quot;value5&quot;:&quot;OmoiTsubasaBOT&quot;,&quot;value6&quot;:&quot;https://pbs.twimg.com/profile_images/541477206266871808/QvI0dDWK_normal.png&quot;,&quot;value7&quot;:&quot;my gf is part cat, i'm getting twice the pussy.&quot;,&quot;value8&quot;:&quot;0&quot;,&quot;value9&quot;:&quot;0&quot;,&quot;value10&quot;:&quot;0&quot;,&quot;value11&quot;:&quot;0&quot;,&quot;value12&quot;:&quot;[]&quot;,&quot;value13&quot;:&quot;[]&quot;,&quot;value14&quot;:&quot;2022-11-20 18:21:24 +0900&quot;,&quot;value15&quot;:&quot;[{\&quot;content\&quot;:\&quot;my gf is part cat, i'm getting twice the pussy.\&quot;,\&quot;score\&quot;:0.0}]&quot;},{&quot;value1&quot;:&quot;https://twitter.com/1547178109652373504/status/1594259594053820416&quot;,&quot;value2&quot;:&quot;cats&quot;,&quot;value3&quot;:&quot;Miguel | #ready4intheclouds&quot;,&quot;value4&quot;:&quot;1547178109652373504&quot;,&quot;value5&quot;:&quot;miguel_ily_&quot;,&quot;value6&quot;:&quot;https://pbs.twimg.com/profile_images/1574887606558523393/ze8bnX1f_normal.jpg&quot;,&quot;value7&quot;:&quot;@syrxkmusic Is this the CUUUUHHHHHHHPCAKEEEEEEEEEE meme cat? &#x1f60d;&#x1f60d;&#x1f60d; Omg an icon&quot;,&quot;value8&quot;:&quot;0&quot;,&quot;value9&quot;:&quot;0&quot;,&quot;value10&quot;:&quot;0&quot;,&quot;value11&quot;:&quot;0&quot;,&quot;value12&quot;:&quot;[]&quot;,&quot;value13&quot;:&quot;[]&quot;,&quot;value14&quot;:&quot;2022-11-20 18:21:21 +0900&quot;,&quot;value15&quot;:&quot;[{\&quot;content\&quot;:\&quot;@syrxkmusic Is this the CUUUUHHHHHHHPCAKEEEEEEEEEE meme cat?\&quot;,\&quot;score\&quot;:-0.10000000149011612},{\&quot;content\&quot;:\&quot;&#x1f60d;&#x1f60d;&#x1f60d; Omg an icon\&quot;,\&quot;score\&quot;:0.20000000298023224}]&quot;},{&quot;value1&quot;:&quot;https://twitter.com/1593757635500978176/status/1594259605739417600&quot;,&quot;value2&quot;:&quot;cats&quot;,&quot;value3&quot;:&quot;nhpetit.eth&quot;,&quot;value4&quot;:&quot;1593757635500978176&quot;,&quot;value5&quot;:&quot;nhpetit69916887&quot;,&quot;value6&quot;:&quot;https://pbs.twimg.com/profile_images/1593757651787096064/TC_oOWc4_normal.png&quot;,&quot;value7&quot;:&quot;You are the best Damien. @Cafesuadaddy_IF @skaz_kc @wassabi883 @iammxt @DickieFarnswor1 @TammyWa81989105 @Cat_Dealers @0xchains @cryptogod73 @lgfestrella12 @TuTu_Lxuran&quot;,&quot;value8&quot;:&quot;0&quot;,&quot;value9&quot;:&quot;0&quot;,&quot;value10&quot;:&quot;0&quot;,&quot;value11&quot;:&quot;0&quot;,&quot;value12&quot;:&quot;[]&quot;,&quot;value13&quot;:&quot;[]&quot;,&quot;value14&quot;:&quot;2022-11-20 18:21:24 +0900&quot;,&quot;value15&quot;:&quot;[{\&quot;content\&quot;:\&quot;You are the best Damien.\&quot;,\&quot;score\&quot;:0.8999999761581421},{\&quot;content\&quot;:\&quot;@Cafesuadaddy_IF @skaz_kc @wassabi883 @iammxt @DickieFarnswor1 @TammyWa81989105 @Cat_Dealers @0xchains @cryptogod73 @lgfestrella12 @TuTu_Lxuran\&quot;,\&quot;score\&quot;:0.4000000059604645}]&quot;},{&quot;value1&quot;:&quot;https://twitter.com/37899302/status/1594259600496205824&quot;,&quot;value2&quot;:&quot;cats&quot;,&quot;value3&quot;:&quot;paul shepherd&quot;,&quot;value4&quot;:&quot;37899302&quot;,&quot;value5&quot;:&quot;monkeyluvstofig&quot;,&quot;value6&quot;:&quot;https://pbs.twimg.com/profile_images/1235254905516036096/35mMEU8K_normal.jpg&quot;,&quot;value7&quot;:&quot;The Cat Who Saved Books by Sosuke Natsukawa\nA beautiful story for those of us that hold books close to our hearts\nhttps://t.co/Sxb2XDMEdP\n#booktwt #book #fiction #Japan #Cat&quot;,&quot;value8&quot;:&quot;0&quot;,&quot;value9&quot;:&quot;0&quot;,&quot;value10&quot;:&quot;0&quot;,&quot;value11&quot;:&quot;0&quot;,&quot;value12&quot;:&quot;[]&quot;,&quot;value13&quot;:&quot;[]&quot;,&quot;value14&quot;:&quot;2022-11-20 18:21:23 +0900&quot;,&quot;value15&quot;:&quot;[{\&quot;content\&quot;:\&quot;The Cat Who Saved Books by Sosuke Natsukawa\\nA beautiful story for those of us that hold books close to our hearts\\nhttps://t.co/Sxb2XDMEdP\\n#booktwt #book #fiction #Japan #Cat\&quot;,\&quot;score\&quot;:0.800000011920929}]&quot;},{&quot;value1&quot;:&quot;https://twitter.com/4718304779/status/1594102525703045121&quot;,&quot;value2&quot;:&quot;cats&quot;,&quot;value3&quot;:&quot;Gala Games&quot;,&quot;value4&quot;:&quot;4718304779&quot;,&quot;value5&quot;:&quot;GoGala_Games_&quot;,&quot;value6&quot;:&quot;https://pbs.twimg.com/profile_images/1593969237554520065/6gDRxX5J_normal.jpg&quot;,&quot;value7&quot;:&quot;&#x1f4e3; Attention GALA holders &#x1f4e3;\n\nDue to our recent events, our team is giving away 22.5 million $GALA. Huge thank you to everyone involved.\n\n- WHO CAN CLAIM: The giveaway is for holders only, to claim your tokens, you need to be an owner of $GALA.\n\n- WEBSITE https://t.co/I27GuntncK https://t.co/nmZ3jGh0FT&quot;,&quot;value8&quot;:&quot;1345&quot;,&quot;value9&quot;:&quot;4&quot;,&quot;value10&quot;:&quot;14&quot;,&quot;value11&quot;:&quot;11834&quot;,&quot;value12&quot;:&quot;[\&quot;https://pbs.twimg.com/media/Fh9jx_4WYAMiWuj.jpg\&quot;]&quot;,&quot;value13&quot;:&quot;[\&quot;https://twitter.com/GoGala_Games_/status/1594102525703045121/photo/1\&quot;]&quot;,&quot;value14&quot;:&quot;2022-11-20 07:57:13 +0900&quot;,&quot;value15&quot;:&quot;[{\&quot;content\&quot;:\&quot;&#x1f4e3; Attention GALA holders &#x1f4e3;\&quot;,\&quot;score\&quot;:0.20000000298023224},{\&quot;content\&quot;:\&quot;Due to our recent events, our team is giving away 22.5 million $GALA.\&quot;,\&quot;score\&quot;:-0.10000000149011612},{\&quot;content\&quot;:\&quot;Huge thank you to everyone involved.\&quot;,\&quot;score\&quot;:0.8999999761581421},{\&quot;content\&quot;:\&quot;- WHO CAN CLAIM: The giveaway is for holders only, to claim your tokens, you need to be an owner of $GALA.\&quot;,\&quot;score\&quot;:-0.4000000059604645},{\&quot;content\&quot;:\&quot;- WEBSITE https://t.co/I27GuntncK https://t.co/nmZ3jGh0FT\&quot;,\&quot;score\&quot;:-0.10000000149011612}]&quot;},{&quot;value1&quot;:&quot;https://twitter.com/1450267427976007681/status/1565635585514999808&quot;,&quot;value2&quot;:&quot;cats&quot;,&quot;value3&quot;:&quot; &quot;,&quot;value4&quot;:&quot;1450267427976007681&quot;,&quot;value5&quot;:&quot;mrblue_bl&quot;,&quot;value6&quot;:&quot;https://pbs.twimg.com/profile_images/1548833268627554304/TOLY86FO_normal.jpg&quot;,&quot;value7&quot;:&quot;    ...&#x1f924;\n\n     &#x1f525;\n&#x1f496;  https://t.co/WceUAXpILG\n\n#BL # # # # https://t.co/PKY9htdwMI&quot;,&quot;value8&quot;:&quot;7334&quot;,&quot;value9&quot;:&quot;1536&quot;,&quot;value10&quot;:&quot;0&quot;,&quot;value11&quot;:&quot;767&quot;,&quot;value12&quot;:&quot;[\&quot;https://pbs.twimg.com/media/FbpBNRfVUAEoOH-.jpg\&quot;, \&quot;https://pbs.twimg.com/media/FbpBNRjUEAAkjID.jpg\&quot;, \&quot;https://pbs.twimg.com/media/FbpBNRkUsAI_cLv.jpg\&quot;, \&quot;https://pbs.twimg.com/media/FbpBNReUEAEhZly.jpg\&quot;]&quot;,&quot;value13&quot;:&quot;[\&quot;https://twitter.com/mrblue_bl/status/1565635585514999808/photo/1\&quot;, \&quot;https://twitter.com/mrblue_bl/status/1565635585514999808/photo/1\&quot;, \&quot;https://twitter.com/mrblue_bl/status/1565635585514999808/photo/1\&quot;, \&quot;https://twitter.com/mrblue_bl/status/1565635585514999808/photo/1\&quot;]&quot;,&quot;value14&quot;:&quot;2022-09-02 18:39:46 +0900&quot;,&quot;value15&quot;:&quot;[{\&quot;content\&quot;:\&quot;    ...&#x1f924;\&quot;,\&quot;score\&quot;:0.800000011920929},{\&quot;content\&quot;:\&quot;     &#x1f525;\\n&#x1f496;  https://t.co/WceUAXpILG\&quot;,\&quot;score\&quot;:0.20000000298023224},{\&quot;content\&quot;:\&quot;#BL # # # # https://t.co/PKY9htdwMI\&quot;,\&quot;score\&quot;:0.0}]&quot;},{&quot;value1&quot;:&quot;https://twitter.com/1535953227572723712/status/1594259584755064832&quot;,&quot;value2&quot;:&quot;cats&quot;,&quot;value3&quot;:&quot;UNIQUE LIFE DESIGN&quot;,&quot;value4&quot;:&quot;1535953227572723712&quot;,&quot;value5&quot;:&quot;UNIQLIFEDESIGN&quot;,&quot;value6&quot;:&quot;https://pbs.twimg.com/profile_images/1535954370541633536/7FvZc8LI_normal.jpg&quot;,&quot;value7&quot;:&quot;#Caturday #CatsofTwittter \n&#x1f63b; Cat visitor greeting us with an eye-kiss &#x1f618; in the garden &#x1f334; https://t.co/CM6s6nWBsl via @YouTube&quot;,&quot;value8&quot;:&quot;0&quot;,&quot;value9&quot;:&quot;0&quot;,&quot;value10&quot;:&quot;0&quot;,&quot;value11&quot;:&quot;0&quot;,&quot;value12&quot;:&quot;[]&quot;,&quot;value13&quot;:&quot;[]&quot;,&quot;value14&quot;:&quot;2022-11-20 18:21:19 +0900&quot;,&quot;value15&quot;:&quot;[{\&quot;content\&quot;:\&quot;#Caturday #CatsofTwittter \\n&#x1f63b; Cat visitor greeting us with an eye-kiss &#x1f618; in the garden &#x1f334; https://t.co/CM6s6nWBsl via @YouTube\&quot;,\&quot;score\&quot;:0.4000000059604645}]&quot;}]}
TweetDto{url='https://twitter.com/1450267427976007681/status/1565635585514999808', topic='cats', profile_name=' ', tweet_id=1450267427976007681, username='mrblue_bl', tweet_content='    ...&#x1f924;

     &#x1f525;
&#x1f496;  https://t.co/WceUAXpILG

#BL # # # # https://t.co/PKY9htdwMI', hashtagList=[#bl], tweet_like_count=35, tweet_retweet_count=34, tweet_reply_count=0, tweet_quote_tweet_count=767, localDateTime=2022-09-02T18:39:46, general_sentiment=0.3333333383003871}
TweetDto{url='https://twitter.com/4718304779/status/1594102525703045121', topic='cats', profile_name='Gala Games', tweet_id=4718304779, username='GoGala_Games_', tweet_content='&#x1f4e3; Attention GALA holders &#x1f4e3;

Due to our recent events, our team is giving away 22.5 million $GALA. Huge thank you to everyone involved.

- WHO CAN CLAIM: The giveaway is for holders only, to claim your tokens, you need to be an owner of $GALA.

- WEBSITE https://t.co/I27GuntncK https://t.co/nmZ3jGh0FT', hashtagList=[], tweet_like_count=24, tweet_retweet_count=40, tweet_reply_count=14, tweet_quote_tweet_count=11834, localDateTime=2022-11-20T07:57:13, general_sentiment=0.09999999403953552}
TweetDto{url='https://twitter.com/1593965066755383297/status/1594259561862819846', topic='cats', profile_name='Grumpy Owls', tweet_id=1593965066755383297, username='wenkeramicanc', tweet_content='sick! @DJrodrigo800 @coins_podcast @Willie_Diep @btc_kjell @Cjryme @lebicar_ @cats_whale @andrewzenn', hashtagList=[], tweet_like_count=28, tweet_retweet_count=24, tweet_reply_count=0, tweet_quote_tweet_count=0, localDateTime=2022-11-20T18:21:14, general_sentiment=0.2500000037252903}
TweetDto{url='https://twitter.com/110981956/status/1594259566752997376', topic='cats', profile_name='', tweet_id=110981956, username='blues_boys_tune', tweet_content='@blues_boys_cat ', hashtagList=[], tweet_like_count=37, tweet_retweet_count=29, tweet_reply_count=0, tweet_quote_tweet_count=0, localDateTime=2022-11-20T18:21:15, general_sentiment=0.30000001192092896}
TweetDto{url='https://twitter.com/12633652/status/1594259592980336640', topic='cats', profile_name='Joan Puig Cordon', tweet_id=12633652, username='joanpuig', tweet_content='@principal_cat @JL_Mico @EMarinOtto Pobres de nosaltres pluralitat? On la veieu? Ms del mateix,', hashtagList=[], tweet_like_count=25, tweet_retweet_count=26, tweet_reply_count=0, tweet_quote_tweet_count=0, localDateTime=2022-11-20T18:21:21, general_sentiment=0.0}
TweetDto{url='https://twitter.com/2908876576/status/1594259607215804417', topic='cats', profile_name='OmoiBot', tweet_id=2908876576, username='OmoiTsubasaBOT', tweet_content='my gf is part cat, i'm getting twice the pussy.', hashtagList=[], tweet_like_count=14, tweet_retweet_count=44, tweet_reply_count=0, tweet_quote_tweet_count=0, localDateTime=2022-11-20T18:21:24, general_sentiment=0.0}
TweetDto{url='https://twitter.com/1547178109652373504/status/1594259594053820416', topic='cats', profile_name='Miguel | #ready4intheclouds', tweet_id=1547178109652373504, username='miguel_ily_', tweet_content='@syrxkmusic Is this the CUUUUHHHHHHHPCAKEEEEEEEEEE meme cat? &#x1f60d;&#x1f60d;&#x1f60d; Omg an icon', hashtagList=[], tweet_like_count=40, tweet_retweet_count=34, tweet_reply_count=0, tweet_quote_tweet_count=0, localDateTime=2022-11-20T18:21:21, general_sentiment=0.05000000074505806}
TweetDto{url='https://twitter.com/1593757635500978176/status/1594259605739417600', topic='cats', profile_name='nhpetit.eth', tweet_id=1593757635500978176, username='nhpetit69916887', tweet_content='You are the best Damien. @Cafesuadaddy_IF @skaz_kc @wassabi883 @iammxt @DickieFarnswor1 @TammyWa81989105 @Cat_Dealers @0xchains @cryptogod73 @lgfestrella12 @TuTu_Lxuran', hashtagList=[], tweet_like_count=15, tweet_retweet_count=23, tweet_reply_count=0, tweet_quote_tweet_count=0, localDateTime=2022-11-20T18:21:24, general_sentiment=0.6499999910593033}
TweetDto{url='https://twitter.com/37899302/status/1594259600496205824', topic='cats', profile_name='paul shepherd', tweet_id=37899302, username='monkeyluvstofig', tweet_content='The Cat Who Saved Books by Sosuke Natsukawa
A beautiful story for those of us that hold books close to our hearts
https://t.co/Sxb2XDMEdP
#booktwt #book #fiction #Japan #Cat', hashtagList=[#booktwt, #book, #fiction, #japan, #cat], tweet_like_count=23, tweet_retweet_count=13, tweet_reply_count=0, tweet_quote_tweet_count=0, localDateTime=2022-11-20T18:21:23, general_sentiment=0.800000011920929}
TweetDto{url='https://twitter.com/1535953227572723712/status/1594259584755064832', topic='cats', profile_name='UNIQUE LIFE DESIGN', tweet_id=1535953227572723712, username='UNIQLIFEDESIGN', tweet_content='#Caturday #CatsofTwittter 
&#x1f63b; Cat visitor greeting us with an eye-kiss &#x1f618; in the garden &#x1f334; https://t.co/CM6s6nWBsl via @YouTube', hashtagList=[#catsoftwittter], tweet_like_count=30, tweet_retweet_count=1, tweet_reply_count=0, tweet_quote_tweet_count=0, localDateTime=2022-11-20T18:21:19, general_sentiment=0.4000000059604645}
2022-11-20 17:21:45.222  INFO 90415 --- [    Test worker] com.zaxxer.hikari.HikariDataSource       : HikariPool-1 - Starting...
2022-11-20 17:21:47.533  INFO 90415 --- [    Test worker] com.zaxxer.hikari.HikariDataSource       : HikariPool-1 - Start completed.
HashtagDto{hashtag_id='cats2022-11-20', hashtag_name='cats', like_count=14, daily_hashtag_count=[44, 6, 49, 15, 15, 7, 45], weekly_hashtag_count=[40, 50, 13, 42], weekly_general_sentiment=[hackathon.d2hd.getGoingApp.dataTransferObject.GeneralSentiment@52268f73, hackathon.d2hd.getGoingApp.dataTransferObject.GeneralSentiment@3938e876, hackathon.d2hd.getGoingApp.dataTransferObject.GeneralSentiment@70b2819f, hackathon.d2hd.getGoingApp.dataTransferObject.GeneralSentiment@65dac812], general_sentiment_of_the_day=hackathon.d2hd.getGoingApp.dataTransferObject.GeneralSentiment@3619ecd, general_sentiment_of_the_week=hackathon.d2hd.getGoingApp.dataTransferObject.GeneralSentiment@7de4bd8f, daily_retweet_count=[89, 22, 36, 1, 91, 97, 5], retweet_count=234, general_sentiment=2.5500000193715096, num_of_occurrence=9, timestamp=2022-11-20}
</pre>
</span>
</div>
</div>
<div id="footer">
<p>
<div>
<label class="hidden" id="label-for-line-wrapping-toggle" for="line-wrapping-toggle">Wrap lines
<input id="line-wrapping-toggle" type="checkbox" autocomplete="off"/>
</label>
</div>Generated by 
<a href="http://www.gradle.org">Gradle 7.5.1</a> at 20 Nov 2022, 17:21:57</p>
</div>
</div>
</body>
</html>
